# USAGE: the intent of this file is to keep track of current
# regressions and to keep notes about why they are failing.  We start
# with general regressions that are seen across a wide variety of
# platforms, and then move onto linux64 regressions since those are
# our main development platform.  Other platforms/settings that are
# currently causing regressions are listed afterwards in some
# approximation to priority order.  Formatting for each entry can be
# loose, but should roughly follow the format of brief note on why the
# test is failing followed by a list of tests that are failing for
# that reason.  If someone owns a particular regression, their name
# can be added to the description as well.
# The path to each test should appear here, so it can be be grepped for.
# Except if a lot of test fail for the identical reason or in the same
# directory, a wildcard is more appropriate.
# The date the entry is added is also useful.


===========================================================
general regressions (seem to happen in most configurations)
===========================================================

==============================================
linux64 regressions (in addition to the above)
==============================================

==============================================
linux32 regressions (in addition to the above)
==============================================

For gasnet only:

   error: inlining failed in call to 'atomic_fetch_add_explicit_int_least64_t': call is unlikely and code size would grow

[Error matching compiler output for release/examples/benchmarks/ssca2/SSCA2_main
 (compopts: 1)]
[Error matching compiler output for release/examples/benchmarks/ssca2/SSCA2_main
 (compopts: 2)]
[Error matching compiler output for release/examples/benchmarks/ssca2/SSCA2_main
 (compopts: 3)]
[Error matching compiler output for release/examples/benchmarks/ssca2/SSCA2_main
 (compopts: 4)]
[Error matching compiler output for release/examples/benchmarks/ssca2/SSCA2_main
 (compopts: 5)]


================================
performance-specific regressions
================================

execution timeouts (08/29/09)
-----------------------------
[Error: Timed out executing program studies/shootout/nbody/nbody_iterator_7 (compopts: 1)]
[Error: Timed out executing program studies/shootout/nbody/nbody_rangesub_5 (compopts: 1)]
[Error: Timed out executing program studies/shootout/nbody/nbody_reductions_6 (compopts: 1)]
[Error: Timed out executing program studies/shootout/nbody/nbody_vector_4 (compopts: 1)]


========================
memory leaks regressions
========================


=============================
valgrind-specific regressions
=============================

overlapping memcpy (root cause should be eliminated)
----------------------------------------------------
[Error matching program output for io/bradc/readWholeArr]
[Error matching program output for io/ferguson/readThis/readarr]
[Error matching program output for users/ferguson/bulkerr]

random failures due to being out of memory (on purpose)
-------------------------------------------------------
Consider disabling this test for valgrind:
[Error matching compiler output for memory/shannon/outofmemory/mallocOutOfMemory]

stack overflow
--------------
[Error matching program output for parallel/cobegin/gbt/cobegin-stacksize]

chpldoc invalid reads during compilation
----------------------------------------
NOTE: This is not a problem with chpldocs (should file a separate future)
There is an intermittent compile-time segfault during cullOverReferences. The
type of Bar.super is at least partially corrupt at that point.

[Error matching program output for release/examples/primers/chpldoc (compopts: 1)] (8/28/2012) (9/07/2012) (9/11/2012)

====================
no-local regressions
====================

illegal use of on in serial iterator error (02/06/10)
-----------------------------------------------------
[Error matching compiler output for users/shetag/iteratorWithOn]

not freeing heap-allocated globals (08/29/09)
---------------------------------------------
[Error matching program output for classes/figueroa/RecordDestructor1]

never worked with --no-local (10/04/11)
---------------------------------------
[Error matching program output for distributions/robust/arithmetic/optimizations/optimizeOnClauses_basic]
[Error matching program output for distributions/robust/arithmetic/optimizations/optimizeOnClauses_basic_record]
[Error matching program output for distributions/robust/arithmetic/optimizations/optimizeOnClauses_basic_tuple]

memory stuff in flux (05/28/09)
-------------------------------
[Error matching program output for memory/shannon/memstatPrint]
[Error matching program output for memory/shannon/printFinalMemStat]

??? (???)
---------
[Error matching program output for parallel/cobegin/deitz/test_big_recursive_cobegin]

strings for path names are garbled in error messages (11/10/11)
---------------------------------------------------------------
[Error matching program output for types/file/freadIntFailed]
[Error matching program output for types/file/fwriteIntFailed]


====================================================
gasnet-everything regressions (other than the above)
====================================================

comm diagnostics off
--------------------
[Error matching program output for studies/ssca2/performance/SSCA2_commDiags (compopts: 1)] (started in testing on 8/23/2012)
[Error matching program output for performance/sungeun/multilocale/syncsingle] (1/4/13: before that it was failing due to missing 'use CommDiagnostics', so I don't know how long it's been failing.  Maybe due to Vass's r20857?)


==============================================
gasnet-fast regressions (other than the above)
==============================================

too many threads error (~01/13/12)
----------------------------------
[Error matching program output for distributions/bradc/extremeBlock]


=======================
tcmalloc-specific tests
=======================


==============================
block distribution regressions
==============================


===============================
cyclic distribution regressions
===============================


================================
darwin-/mac-specific regressions
================================

ptr-to-ssize_t/ptr-to-int32_t warnings
--------------------------------------
[Error matching compiler output for release/examples/primers/fileIO]
[Error matching program output for studies/amr/advection/amr/AMR_AdvectionCTU_driver]
[Error matching program output for studies/amr/advection/grid/Grid_AdvectionCTU_driver]
[Error matching program output for studies/amr/advection/level/Level_AdvectionCTU_driver]
[Error matching program output for studies/amr/diffusion/grid/Grid_DiffusionBE_driver]
[Error matching program output for studies/amr/diffusion/level/Level_DiffusionBE_driver]

maybe we can remove these suppressions for Mac now?
---------------------------------------------------
[Error: did not find expected suppression execflags/bradc/gdbddash/declint2]
[Error: did not find expected suppression execflags/bradc/gdbddash/gdbSetConfig]

??? (ever since checked in -- may now be fixed but regressions haven't run?)
----------------------------------------------------------------------------
[Error matching program output for studies/graph500/v1/main]

??? (ever since checked in)
---------------------------
[Error matching compiler output for studies/shootout/chameneos-redux/chameneos-redux-cas]

??? (06/23/10)
--------------
[Error matching compiler output for parallel/taskPool/figueroa/TooManyThreads]

gdb output differences
----------------------
[Error matching program output for execflags/bradc/gdbddash/declint]
[Error matching program output for execflags/bradc/gdbddash/declint2]
[Error matching program output for execflags/bradc/gdbddash/gdbSetConfig]

chpldoc sorting differences
---------------------------
[Error matching program output for chpldoc/compflags/alphabetical/alphabetized]
[Error matching compiler output for chpldoc/compflags/alphabetical/alphabetized]


======================================
chpbld02 (PrgEnv test system) failures
======================================

timeout (12/23/11)
------------------
[Error: Timed out executing program parallel/begin/sungeun/captureAppearsToWork]

countMemory prediff script doesn't get ".0" correct for round numbers
---------------------------------------------------------------------
[Error matching program output for modules/standard/memory/countMemory/countMemory]

gets "that wasn't very random looking" failure
------------------------------------------------------------------------------
[Error matching program output for modules/standard/Random/diten/testRandomSeed] (first mentioned 09/26/11; still observed intermittently on chpbld02 in 8'2012 and 9'2012)


====================================================
cray-xt-specific failures (in addition to the above)
====================================================

diff seems to think output file is binary? (09/26/11 -- first run in ages)
--------------------------------------------------------------------------
[Error matching program output for compflags/bradc/html/testit]


=====================================
cray-xt-cray/cce-specific regressions
=====================================

internal failure EXP0192 in IO.chpl when CCE used to compile the compiler
-------------------------------------------------------------------------
[Error matching compiler output for release/examples/hello2-module]
[Error matching compiler output for release/examples/spec/Expressions/string-concat]
[Error matching compiler output for release/examples/spec/Ranges/alignedHigh]
[Error matching compiler output for release/examples/spec/Ranges/rangeVariable]
[Error matching compiler output for release/examples/spec/Tuples/expansion-2]
[Error matching compiler output for release/examples/spec/Task_Parallelism_and_Synchronization/serialStmt2]
[Error matching compiler output for release/examples/spec/Task_Parallelism_and_Synchronization/beginUnordered]
[Error matching compiler output for release/examples/spec/Task_Parallelism_and_Synchronization/syncMethods]
[Error matching compiler output for release/examples/spec/Task_Parallelism_and_Synchronization/syncCounter]
[Error matching compiler output for release/examples/spec/Modules/two-modules]
[Error matching compiler output for release/examples/spec/Variables/config-param]

seg fault (04/06/12 -- though may have been around for awhile and masked)
-------------------------------------------------------------------------
[Error matching compiler output for release/examples/primers/genericClasses]

value is outside of the int range in C compilation (03/??/12)
-------------------------------------------------------------
[Error matching compiler output for types/enum/ferguson/enum_mintype_test]

??? (01/28/12)
--------------
[Error matching program output for io/ferguson/easybits]

new unreachable loop warning (05/29/11)
---------------------------------------
[Error matching program output for arrays/deitz/jacobi-unoptimized (compopts: 1)]

wrong result due to reliance on wraparound in signed integers in test itself
----------------------------------------------------------------------------
[Error matching program output for expressions/bradc/uminusVsTimesPrec]

assertion failure -- filed as bug against CCE compiler (since QIO committed)
----------------------------------------------------------------------------
[Error matching program output for release/examples/primers/fileIO]

error differs but within acceptable margin; should squash error printing
------------------------------------------------------------------------
[Error matching program output for studies/hpcc/FFT/marybeth/fft]

precision issues (?) -- is there a floating point flag we need to throw?
------------------------------------------------------------------------
[Error matching program output for studies/madness/aniruddha/madchap/mytests/par-reconstruct/test_reconstruct (compopts: 1)]
[Error matching program output for studies/madness/aniruddha/madchap/test_diff]
[Error matching program output for studies/madness/aniruddha/madchap/test_gaxpy]
[Error matching program output for studies/madness/aniruddha/madchap/test_likepy]
[Error matching program output for studies/madness/common/test_diff]
[Error matching program output for studies/madness/common/test_gaxpy]
[Error matching program output for studies/madness/common/test_likepy]
[Error matching program output for studies/madness/dinan/mad_chapel/test_diff]
[Error matching program output for studies/madness/dinan/mad_chapel/test_gaxpy]

compilation timeouts (10/19/11)
-------------------------------
[Error: Timed out compilation for distributions/dm/t5a]

compiler timeouts
-----------------
[Error: Timed out compilation for sparse/parallel/sparse-iter-dom-arr-zipper]
[Error: Timed out compilation for studies/madness/dinan/mad_chapel/test_likepy]


==============================================================
pgi-specific regressions (in addition to cray-xt errors above)
==============================================================

Weird stack overflow error from the C runtime:

  Error: in routine alloca() there is a
  stack overflow: thread 0, max 8180KB, used 3KB, request 16B

This happens for many programs including simple ones like
hello4-datapar-dist and hello5-taskpar.

Brad sent out mail to xt-users and PGI regarding this issue, but no
response.

floating point overflow warning in generated code (03/12/11, 9/14/12)
---------------------------------------------------------------------
Could be intermittent, so I put it in the TRIAGE file also
[Error matching program output for studies/dijkstra/driverEdgeBtw]


some sort of gdb compatability issue?
-------------------------------------
[Error matching program output for execflags/bradc/gdbddash/declint2]

floating point overflow warning in generated code (03/12/11)
------------------------------------------------------------
[Error matching program output for studies/dijkstra/driverEdgeBtw]

Numerical accuracy issues (started 05/24/08)
--------------------------------------------
[Error matching program output for studies/madness/aniruddha/madchap/test_diff]
[Error matching program output for studies/madness/aniruddha/madchap/test_likepy]
[Error matching program output for studies/madness/common/test_diff]
[Error matching program output for studies/madness/common/test_likepy]
[Error matching program output for studies/madness/dinan/mad_chapel/test_diff]
[Error matching program output for studies/madness/dinan/mad_chapel/test_likepy]

negative floating point 0.0 not supported
-----------------------------------------
[Error matching program output for types/complex/bradc/negateimaginary3] 
[Error matching program output for types/complex/bradc/negativeimaginaryliteral] 

===================================================================
xt-intel-specific regressions (in addition to cray-xt errors above)
===================================================================

runtime assertion (started 10/15/12)
------------------------------------
[Error matching program output for io/ferguson/io_test]


alignment mismatch in output (04/08/12)
---------------------------------------
[Error matching program output for types/range/hilde/align]

execution timeout (11/19/11)
----------------------------
[Error: Timed out executing program parallel/taskPool/figueroa/TooManyThreads]

NaN printing out as -nan (11/17/11 -- new icc version?)
-------------------------------------------------------
[Error matching program output for modules/standard/math/acosh_out_of_range]
[Error matching program output for modules/standard/math/atanh_out_of_range]
[Error matching program output for types/complex/marybeth/complex_expressions]

execution timeout (11/17/11 -- new icc version?)
------------------------------------------------
[Error: Timed out executing program studies/hpcc/HPL/stonea/serial/hplExample2]

compilation timeouts (11/12/11)
-------------------------------
[Error: Timed out compilation for npb/cg/bradc/cg-sparse (compopts: 1)]
[Error: Timed out compilation for performance/compiler/bradc/cg-sparse-timecomp]
[Error: Timed out compilation for studies/ssca2/atomic/SSCA2_main_atomic]

new file I/O problem due to unicode literal (11/10/11)
------------------------------------------------------
[Error matching compiler output for unicode/print_euro]

problem with static/dynamic linking? (10/1/11 -- first run)
-----------------------------------------------------------
[Error matching compiler output for link/sungeun/static_dynamic (--cc-warnings --dynamic --static)]
[Error matching compiler output for link/sungeun/static_dynamic (--cc-warnings --static)]
[Error matching compiler output for link/sungeun/static_dynamic (--cc-warnings --static --dynamic --static)]


========================
xt-gnu specific failures
========================


========================
cygwin-specific failures
========================

naming conflicts due to using C identifiers starting with '_' (reserved by C)
Specifically '_C', but it would be nice to avoid these categorically
-----------------------------------------------------------------------------
[Error matching compiler output for release/examples/primers/classes]
[Error matching compiler output for release/examples/spec/Input_and_Output/UserWriter]
[Error matching compiler output for release/examples/spec/Classes/declaration]
[Error matching compiler output for release/examples/spec/Classes/defaultConstructor]
[Error matching compiler output for release/examples/spec/Classes/delete]
[Error matching compiler output for release/examples/spec/Classes/getterSetter]
[Error matching compiler output for release/examples/spec/Classes/implicitThis]

???
---
[Error: Timed out executing program release/examples/spec/Task_Parallelism_and_Synchronization/singleVar]

undiagnosed problems that started showing up 10/14/10 after lack of testing
---------------------------------------------------------------------------
[Error matching compiler output for parallel/taskPool/figueroa/TooManyThreads]
[Error matching program output for distributions/robust/associative/stress/many_domain]
[Error matching program output for modules/standard/Random/diten/testRandomSeed]
[Error matching program output for parallel/cobegin/gbt/cobegin-stacksize]
[Error matching program output for studies/hpcc/PTRANS/PTRANS]
[Error matching program output for studies/shootout/fannkuch-redux/fannkuch-redux  --N=10 (--cc-warnings  ) (0-2)]

pthread_cond_init failure => cannot rm binary
---------------------------------------------
[Error matching program output for npb/cg/bradc/cg-sparse]
[Error matching program output for performance/compiler/bradc/cg-sparse-timecomp]
[Error matching program output for studies/sudoku/dinan/sudoku]

print occurs in 0 seconds!?  Timers not working?
------------------------------------------------
[Error matching program output for spec/marybeth/use]

sig_send: wait for sig_complete event failed
--------------------------------------------
[Error matching program output for studies/madness/aniruddha/madchap/test_likepy]
[Error matching program output for studies/madness/common/test_likepy]
[Error matching program output for studies/madness/dinan/mad_chapel/test_likepy]
[Error matching program output for users/jglewis/badGetModule]


=======================
qthreads-specific tests
=======================

NOTE: Began testing the entire test suite for CHPL_COMM=none on 12/7/12

-static flag results in undefined references to pthread calls (12/7/12)
-----------------------------------------------------------------------
sungeun: Dylan is looking into this

[Error matching compiler output for link/sungeun/static_dynamic (compopts: 1)]
[Error matching compiler output for link/sungeun/static_dynamic (compopts: 2)]
[Error matching compiler output for link/sungeun/static_dynamic (compopts: 3)]


More tasks created that expected (12/7/12)
------------------------------------------
[Error matching program output for trivial/sungeun/runningTasks1]

We get the "wrong" answer.  Dylan says that this is not implemented
correctly for qthreads on purpose.  Disable?

Call stack size is different than for fifo (12/7/12)
----------------------------------------------------
[Error matching program output for execflags/bradc/callStackSize]

We call this program with --callStackSize=13000000, but fifo rounds up
to next page size, so the .good file say 13000704.  Qthreads does not
do this by default, so it's output reports the exact callStackSize.
We could fix this with some math.

segv in qthread library (12/7/12)
---------------------------------
[Error matching program output for studies/madness/common/test_likepy]

This dies with segv with the following message:

     *** glibc detected *** ./test_likepy: free(): invalid pointer: 0x00007f979\
1ffa010 ***

The printed backtrace goes through the qthread library.  FYI, the
other madness tests all fail with segv, but this seems to be the only
one that prints a backtrace.  Dylan is looking into this.


verbose output include qthread specific stuff (12/7/12)
-------------------------------------------------------
[Error matching program output for multilocale/numLocales/bradc/testVFlag]
[Error matching program output for multilocale/numLocales/bradc/testVerboseFlag]

segv (no backtrace) (12/7/12)
-----------------------------
sungeun: I suggested to Dylan to try increasing default stack size for
some of these.

[Error matching program output for memory/shannon/outofmemory/mallocOutOfMemory]
[Error matching program output for studies/sudoku/dinan/search/sudoku-reduce4]
[Error matching program output for studies/sudoku/dinan/search/sudoku-reduce]
[Error matching program output for studies/sudoku/deitz/sudoku_compress3]
[Error matching program output for studies/madness/dinan/mad_chapel/test_mul]
[Error matching program output for studies/madness/dinan/mad_chapel/test_likepy]
[Error matching program output for studies/madness/dinan/mad_chapel/test_diff]
[Error matching program output for studies/madness/dinan/mad_chapel/test_gaxpy]
[Error matching program output for studies/madness/aniruddha/madchap/test_mul]
[Error matching program output for studies/madness/aniruddha/madchap/test_likepy]
[Error matching program output for studies/madness/aniruddha/madchap/test_diff]
[Error matching program output for studies/madness/aniruddha/madchap/test_gaxpy]
[Error matching program output for studies/madness/aniruddha/madchap/recordBug/test_likepy]
[Error matching program output for studies/madness/aniruddha/madchap/mytests/par-reconstruct/test_reconstruct (compopts: 1)]
[Error matching program output for studies/madness/aniruddha/madchap/mytests/par-compress/test_compress (compopts: 1)]
[Error matching program output for studies/madness/aniruddha/madchap/mytests/par-refine/test_refine (compopts: 1)]
[Error matching program output for studies/madness/common/test_mul]
[Error matching program output for studies/madness/common/test_diff]
[Error matching program output for studies/madness/common/test_gaxpy]


timeouts (12/7/12)
------------------
[Error: Timed out executing program parallel/cobegin/bradc/exitone]
[Error: Timed out executing program parallel/begin/deitz/test_begin_error_lineno]
[Error: Timed out executing program parallel/begin/marybeth/test_forbegin3]
[Error: Timed out executing program parallel/begin/marybeth/test_forbegin]
[Error running sub_test in /tmp/chapel-cron-linux64.gnu.none.qthreads.none-chapelu/chapel/test/users/vass (1)]
[Error: Timed out executing program users/shetag/fock/fock-2]
[Error: Timed out executing program users/shetag/fock/fock-1]
[Error: Timed out executing program domains/sungeun/assoc/stress (compopts: 1, execopts: 2)]
[Error: Timed out executing program studies/shootout/thread-ring/thread-ring (compopts: 1, execopts: 1)]



==========================================================
qthreads+gasnet-specific tests (only run for -multilocale)
==========================================================

fails because we add an extra arg which breaks the intent of this test
-- proposed fix is to support ability to set/override configs using
env vars (08/07/12)
----------------------------------------------------------------------
[Error matching program output for multilocale/numLocales/bradc/printNumLocalesMissingArg]

failed since adding more multilocale directories (01/31/12)
-----------------------------------------------------------
[Error: Timed out executing program distributions/bradc/extremeBlock]
[Error: Timed out executing program distributions/nelson/MultiBlockDist2DLocales]


=======================
baseline-specific tests
=======================

segv due to turning on inlining (12/7/12)
-----------------------------------------

sungeun: I have confirmed that almost all of these are due to running
out of stack space (lulesh timed out).  Assuming they are *not*
intermittent or at least less so than the others with inilining, I
think we would prefer these errors.

[Error matching program output for distributions/robust/associative/basic/whole_domain_assign]
[Error matching program output for distributions/robust/associative/basic/array_write]
[Error matching program output for distributions/robust/associative/basic/domain_write]
[Error matching program output for parallel/cobegin/gbt/cobegin-stacksize]
[Error matching program output for parallel/cobegin/deitz/test_big_recursive_cobegin]
[Error matching program output for studies/madness/common/test_likepy]
[Error matching program output for studies/madness/common/test_mul]
[Error matching program output for studies/madness/aniruddha/madchap/test_likepy]
[Error matching program output for studies/madness/aniruddha/madchap/test_mul]
[Error matching program output for studies/madness/dinan/mad_chapel/test_likepy]
[Error matching program output for studies/madness/dinan/mad_chapel/test_mul]
[Error matching program output for studies/lulesh/bradc/xyztuple/lulesh-dense-3tuple]


Tests suppressions that now succeed due to turning on inlining (12/7/12)
------------------------------------------------------------------------
[Error: did not find expected suppression trivial/mjoyner/inlinefunc/inlfunc1_report]
[Error: did not find expected suppression trivial/mjoyner/inlinefunc/inlfunc2_report]


seg fault (don't know when it started, noticed 10/16/12)
--------------------------------------------------------
[Error matching program output for distributions/nelson/MultiBlockDist2DLocales]

wrong output (02/16/12 -- first run in awhile)
----------------------------------------------
[Error matching program output for arrays/deitz/part7/test_descriptor_frees]
[Error matching program output for memory/figueroa/LeakedMemory2]
[Error matching program output for memory/figueroa/LeakedMemoryArrayOfClasses]

problems in generated code (02/16/12 -- first run in awhile)
------------------------------------------------------------
[Error matching compiler output for types/typedefs/bradc/redefineTypeNames]

error: likely type-punning may break strict-aliasing rules
----------------------------------------------------------
[Error matching compiler output for types/atomic/sungeun/atomic_vars]

times out (since checked in)
----------------------------
[Error: Timed out executing program studies/lulesh/sungeun/lulesh (compopts: 1)]

Bad suppression format (01/05/12)
---------------------------------
[Error: did not find expected suppression optimizations/hilde/removeUnreachable]

.good assumes dead code elimination has run (since added)
---------------------------------------------------------
[Error: didn't find expected suppression optimizations/hilde/removeUnreachable]

never worked (02/24/11)
-----------------------
[Error matching compiler output for extern/bradc/copyExternRecord/extern_test (compopts: 1)]

incorrect output -- expected? (04/03/10)
----------------------------------------
[Error matching program output for arrays/deitz/parallelism/stream/test_stream_is_parallel]
[Error matching program output for arrays/deitz/parallelism/stream/test_whole_array_stream_is_parallel]

??? (wrong output)
------------------
[Error matching program output for classes/figueroa/RecordConstructor2]


C90 error
---------
[Error matching compiler output for types/typedefs/bradc/redefineTypeNames]

> In file included from /tmp/chpl-chapelu-22614.deleteme/_main.c:27:
> /tmp/chpl-chapelu-22614.deleteme/redefineTypeNames.c: In function 'chpl_user_main':
> /tmp/chpl-chapelu-22614.deleteme/redefineTypeNames.c:16: error: two or more data types in declaration specifiers
> cc1: warnings being treated as errors
> /tmp/chpl-chapelu-22614.deleteme/redefineTypeNames.c:16: error: useless type name in empty declaration
> /tmp/chpl-chapelu-22614.deleteme/redefineTypeNames.c:32: error: expected identifier or '(' before '=' token
> /tmp/chpl-chapelu-22614.deleteme/redefineTypeNames.c:32: error: ISO C90 forbids mixed declarations and code
> /tmp/chpl-chapelu-22614.deleteme/redefineTypeNames.c:38: error: expected expression before '_Bool'
> /tmp/chpl-chapelu-22614.deleteme/redefineTypeNames.c:38: error: too few arguments to function 'writeln5'
> gmake: *** [/tmp/chpl-chapelu-22614.deleteme/redefineTypeNames.tmp] Error 1
> error: compiling generated source


=====================
mpi-specific failures
=====================

mpi abort messages show up (ever since spec tests added to examples testing)
----------------------------------------------------------------------------
[Error matching program output for release/examples/spec/Arrays/sparse-error]
[Error matching program output for release/examples/spec/Classes/thisMethod]
[Error matching program output for release/examples/spec/Functions/variable-functions]


=============================
cray-xmt specific regressions
=============================

problem after int->64-bit commit was checked in (03/27/12)
----------------------------------------------------------
*all*

*compiler always fails on first link; XMT alerted but not developing compiler*

warnings due to: (02/10/12 after months of broken builds)
- full-empty bit on non-word data
- nested forall pragmas
- some bad struct generation (identifier in wrong place; reference to super)
----------------------------------------------------------------------------
[Error matching compiler output for release/examples/benchmarks/hpcc/fft]
[Error matching compiler output for release/examples/benchmarks/hpcc/hpl]
[Error matching compiler output for release/examples/primers/arrays]
[Error matching compiler output for release/examples/primers/classes]
[Error matching compiler output for release/examples/primers/fileIO]
[Error matching compiler output for release/examples/primers/opaque]
[Error matching compiler output for release/examples/programs/norm]
[Error matching compiler output for release/examples/spec/Classes/declaration]
[Error matching compiler output for release/examples/spec/Classes/defaultConstructor]
[Error matching compiler output for release/examples/spec/Classes/delete]
[Error matching compiler output for release/examples/spec/Classes/getterSetter]
[Error matching compiler output for release/examples/spec/Classes/implicitThis]
[Error matching compiler output for release/examples/spec/Input_and_Output/UserWriter]
[Error matching compiler output for release/examples/spec/Task_Parallelism_and_Synchronization/syncMethods]
[Error matching compiler output for release/examples/benchmarks/ssca2/SSCA2_main (compopts: 1)]
[Error matching compiler output for release/examples/benchmarks/ssca2/SSCA2_main (compopts: 2)]
[Error matching compiler output for release/examples/benchmarks/ssca2/SSCA2_main (compopts: 3)]
[Error matching compiler output for release/examples/benchmarks/ssca2/SSCA2_main (compopts: 4)]
[Error matching compiler output for release/examples/benchmarks/ssca2/SSCA2_main (compopts: 5)]
[Error: Timed out compilation for release/examples/hello]


assertion failed: f.is_FILBlock() || f.is_FILScope() || f.is_FILEndScope()
--------------------------------------------------------------------------
[Error matching compiler output for release/examples/benchmarks/hpcc/fft]
[Error matching compiler output for release/examples/primers/arrays]

unresolved sync variable calls (04/09/11 -- once spec examples added)
---------------------------------------------------------------------
[Error matching compiler output for release/examples/spec/Task_Parallelism_and_Synchronization/syncMethods]

internal translate errors (08/??/12)
-----------------------------------
A few tests report "translate(tile tree creation): internal error"


============================================================
cray-xmt-sim specific regressions (in addition to the above)
============================================================

internal translate errors (04/??/12)
------------------------------------
*all*


warning: full/empty bit modified on less than word-sized data (05/24/11)
(due to new release candidate)
------------------------------------------------------------------------
*all*

array index out of bounds due to bug in XMT compiler
----------------------------------------------------
[Error matching program output for release/examples/benchmarks/hpcc/hpl]
[Error matching program output for release/examples/benchmarks/hpcc/ptrans]
[Error matching program output for release/examples/primers/distributions]

sparse regression recurred after latest range changes (03/17/11)
----------------------------------------------------------------
[Error matching program output for release/examples/primers/sparse]

identifier "INFINITY" is undefined; identifier "NAN" is undefined
-----------------------------------------------------------------
This compilation error seems reported for any test that uses INFINITY or NAN.
As of 10/1/12, 176 tests get the INFINITY error.

execution timeouts
------------------
[Error: Timed out executing program release/examples/benchmarks/hpcc/hpl]
[Error: Timed out executing program release/examples/programs/prodCons]
[Error: Timed out executing program release/examples/programs/quicksort]
[Error: Timed out executing program release/examples/primers/timers]


